# JRE version: OpenJDK Runtime Environment (11.0.10) (build 11.0.10+0-b96-7249189)
# Java VM: OpenJDK 64-Bit Server VM (11.0.10+0-b96-7249189, mixed mode, tiered, compressed oops, g1 gc, windows-amd64)
Heap:
 garbage-first heap   total 198656K, used 58880K [0x0000000081200000, 0x0000000100000000)
  region size 1024K, 6 young (6144K), 6 survivors (6144K)
 Metaspace       used 74413K, capacity 75319K, committed 75428K, reserved 1116160K
  class space    used 8333K, capacity 8694K, committed 8704K, reserved 1048576K
GC Heap History (17 events):
Event: 0.742 GC heap before
{Heap before GC invocations=0 (full 0):
 garbage-first heap   total 131072K, used 17408K [0x0000000081200000, 0x0000000100000000)
  region size 1024K, 14 young (14336K), 0 survivors (0K)
 Metaspace       used 9789K, capacity 9871K, committed 10112K, reserved 1058816K
  class space    used 839K, capacity 884K, committed 896K, reserved 1048576K
}
Event: 0.746 GC heap after
{Heap after GC invocations=1 (full 0):
 garbage-first heap   total 131072K, used 5192K [0x0000000081200000, 0x0000000100000000)
  region size 1024K, 2 young (2048K), 2 survivors (2048K)
 Metaspace       used 9789K, capacity 9871K, committed 10112K, reserved 1058816K
  class space    used 839K, capacity 884K, committed 896K, reserved 1048576K
}
Event: 2.057 GC heap before
{Heap before GC invocations=1 (full 0):
 garbage-first heap   total 131072K, used 49224K [0x0000000081200000, 0x0000000100000000)
  region size 1024K, 46 young (47104K), 2 survivors (2048K)
 Metaspace       used 20781K, capacity 20990K, committed 21248K, reserved 1069056K
  class space    used 2200K, capacity 2280K, committed 2304K, reserved 1048576K
}
Event: 2.070 GC heap after
{Heap after GC invocations=2 (full 0):
 garbage-first heap   total 131072K, used 9165K [0x0000000081200000, 0x0000000100000000)
  region size 1024K, 6 young (6144K), 6 survivors (6144K)
 Metaspace       used 20781K, capacity 20990K, committed 21248K, reserved 1069056K
  class space    used 2200K, capacity 2280K, committed 2304K, reserved 1048576K
}
Event: 3.942 GC heap before
{Heap before GC invocations=3 (full 0):
 garbage-first heap   total 131072K, used 61389K [0x0000000081200000, 0x0000000100000000)
  region size 1024K, 52 young (53248K), 6 survivors (6144K)
 Metaspace       used 31443K, capacity 31856K, committed 32000K, reserved 1077248K
  class space    used 3928K, capacity 4085K, committed 4096K, reserved 1048576K
}
Event: 3.962 GC heap after
{Heap after GC invocations=4 (full 0):
 garbage-first heap   total 131072K, used 20840K [0x0000000081200000, 0x0000000100000000)
  region size 1024K, 7 young (7168K), 7 survivors (7168K)
 Metaspace       used 31443K, capacity 31856K, committed 32000K, reserved 1077248K
  class space    used 3928K, capacity 4085K, committed 4096K, reserved 1048576K
}
Event: 4.332 GC heap before
{Heap before GC invocations=4 (full 0):
 garbage-first heap   total 131072K, used 38248K [0x0000000081200000, 0x0000000100000000)
  region size 1024K, 25 young (25600K), 7 survivors (7168K)
 Metaspace       used 35031K, capacity 35420K, committed 35584K, reserved 1081344K
  class space    used 4328K, capacity 4505K, committed 4608K, reserved 1048576K
}
Event: 4.342 GC heap after
{Heap after GC invocations=5 (full 0):
 garbage-first heap   total 131072K, used 20422K [0x0000000081200000, 0x0000000100000000)
  region size 1024K, 2 young (2048K), 2 survivors (2048K)
 Metaspace       used 35031K, capacity 35420K, committed 35584K, reserved 1081344K
  class space    used 4328K, capacity 4505K, committed 4608K, reserved 1048576K
}
Event: 5.838 GC heap before
{Heap before GC invocations=6 (full 0):
 garbage-first heap   total 131072K, used 76742K [0x0000000081200000, 0x0000000100000000)
  region size 1024K, 55 young (56320K), 2 survivors (2048K)
 Metaspace       used 47089K, capacity 47675K, committed 47872K, reserved 1091584K
  class space    used 5555K, capacity 5773K, committed 5888K, reserved 1048576K
}
Event: 5.852 GC heap after
{Heap after GC invocations=7 (full 0):
 garbage-first heap   total 157696K, used 26899K [0x0000000081200000, 0x0000000100000000)
  region size 1024K, 7 young (7168K), 7 survivors (7168K)
 Metaspace       used 47089K, capacity 47675K, committed 47872K, reserved 1091584K
  class space    used 5555K, capacity 5773K, committed 5888K, reserved 1048576K
}
Event: 7.216 GC heap before
{Heap before GC invocations=7 (full 0):
 garbage-first heap   total 157696K, used 92435K [0x0000000081200000, 0x0000000100000000)
  region size 1024K, 70 young (71680K), 7 survivors (7168K)
 Metaspace       used 54587K, capacity 55251K, committed 55552K, reserved 1097728K
  class space    used 6309K, capacity 6588K, committed 6656K, reserved 1048576K
}
Event: 7.240 GC heap after
{Heap after GC invocations=8 (full 0):
 garbage-first heap   total 157696K, used 33701K [0x0000000081200000, 0x0000000100000000)
  region size 1024K, 9 young (9216K), 9 survivors (9216K)
 Metaspace       used 54587K, capacity 55251K, committed 55552K, reserved 1097728K
  class space    used 6309K, capacity 6588K, committed 6656K, reserved 1048576K
}
Event: 9.170 GC heap before
{Heap before GC invocations=8 (full 0):
 garbage-first heap   total 157696K, used 109477K [0x0000000081200000, 0x0000000100000000)
  region size 1024K, 84 young (86016K), 9 survivors (9216K)
 Metaspace       used 58767K, capacity 59526K, committed 59736K, reserved 1101824K
  class space    used 6748K, capacity 7040K, committed 7040K, reserved 1048576K
}
Event: 9.245 GC heap after
{Heap after GC invocations=9 (full 0):
 garbage-first heap   total 157696K, used 43676K [0x0000000081200000, 0x0000000100000000)
  region size 1024K, 11 young (11264K), 11 survivors (11264K)
 Metaspace       used 58767K, capacity 59526K, committed 59736K, reserved 1101824K
  class space    used 6748K, capacity 7040K, committed 7040K, reserved 1048576K
}
Event: 13.270 GC heap before
{Heap before GC invocations=10 (full 0):
 garbage-first heap   total 157696K, used 111260K [0x0000000081200000, 0x0000000100000000)
  region size 1024K, 76 young (77824K), 11 survivors (11264K)
 Metaspace       used 67989K, capacity 68817K, committed 69028K, reserved 1110016K
  class space    used 7716K, capacity 8084K, committed 8192K, reserved 1048576K
}
Event: 13.305 GC heap after
{Heap after GC invocations=11 (full 0):
 garbage-first heap   total 157696K, used 52736K [0x0000000081200000, 0x0000000100000000)
  region size 1024K, 9 young (9216K), 9 survivors (9216K)
 Metaspace       used 67989K, capacity 68817K, committed 69028K, reserved 1110016K
  class space    used 7716K, capacity 8084K, committed 8192K, reserved 1048576K
}
Event: 14.748 GC heap before
{Heap before GC invocations=11 (full 0):
 garbage-first heap   total 157696K, used 115200K [0x0000000081200000, 0x0000000100000000)
  region size 1024K, 70 young (71680K), 9 survivors (9216K)
 Metaspace       used 74413K, capacity 75319K, committed 75428K, reserved 1116160K
  class space    used 8333K, capacity 8694K, committed 8704K, reserved 1048576K
}

